(node:36814) [DEP0180] DeprecationWarning: fs.Stats constructor is deprecated.
(Use `node --trace-deprecation ...` to show where the warning was created)

 NX   Running target serve for project api and 1 task it depends on:



> nx run api:build:production


> nx run api:serve:development

[0m[7m[1m[33m NX [39m[22m[27m[0m  [33mNx Daemon is not enabled. Assets will not be updated when they are changed.[39m
[ [32mwatch[39m ] build succeeded, watching for changes...
[1m[31mStarting inspector on localhost:9229 failed: address already in use[39m[22m
[1m[31m[39m[22m
[dotenv@17.2.1] injecting env (0) from .env -- tip: 🛠️  run anywhere with `dotenvx run -- yourcommand`
{"level":30,"time":1756804936558,"pid":36960,"hostname":"Sathits-Laptop.local","msg":"Database connected successfully"}
{"level":30,"time":1756804936562,"pid":36960,"hostname":"Sathits-Laptop.local","msg":"JWT Auth plugin registered successfully"}
{"level":20,"time":1756804936563,"pid":36960,"hostname":"Sathits-Laptop.local","msg":"Registered schema: api-meta"}
{"level":20,"time":1756804936563,"pid":36960,"hostname":"Sathits-Laptop.local","msg":"Registered schema: pagination-meta"}
{"level":20,"time":1756804936563,"pid":36960,"hostname":"Sathits-Laptop.local","msg":"Registered schema: api-error-response"}
{"level":20,"time":1756804936563,"pid":36960,"hostname":"Sathits-Laptop.local","msg":"Registered schema: validation-error-response"}
{"level":20,"time":1756804936563,"pid":36960,"hostname":"Sathits-Laptop.local","msg":"Registered schema: unauthorized-response"}
{"level":20,"time":1756804936563,"pid":36960,"hostname":"Sathits-Laptop.local","msg":"Registered schema: forbidden-response"}
{"level":20,"time":1756804936563,"pid":36960,"hostname":"Sathits-Laptop.local","msg":"Registered schema: not-found-response"}
{"level":20,"time":1756804936563,"pid":36960,"hostname":"Sathits-Laptop.local","msg":"Registered schema: conflict-response"}
{"level":20,"time":1756804936563,"pid":36960,"hostname":"Sathits-Laptop.local","msg":"Registered schema: server-error-response"}
{"level":20,"time":1756804936563,"pid":36960,"hostname":"Sathits-Laptop.local","msg":"Registered schema: pagination-query"}
{"level":20,"time":1756804936563,"pid":36960,"hostname":"Sathits-Laptop.local","msg":"Registered schema: search-query"}
{"level":20,"time":1756804936563,"pid":36960,"hostname":"Sathits-Laptop.local","msg":"Registered schema: uuid-param"}
{"level":20,"time":1756804936563,"pid":36960,"hostname":"Sathits-Laptop.local","msg":"Registered schema: numeric-id-param"}
{"level":20,"time":1756804936563,"pid":36960,"hostname":"Sathits-Laptop.local","msg":"Registered schema: validationErrorResponse"}
{"level":20,"time":1756804936563,"pid":36960,"hostname":"Sathits-Laptop.local","msg":"Registered schema: unauthorizedResponse"}
{"level":20,"time":1756804936563,"pid":36960,"hostname":"Sathits-Laptop.local","msg":"Registered schema: forbiddenResponse"}
{"level":20,"time":1756804936563,"pid":36960,"hostname":"Sathits-Laptop.local","msg":"Registered schema: notFoundResponse"}
{"level":20,"time":1756804936563,"pid":36960,"hostname":"Sathits-Laptop.local","msg":"Registered schema: conflictResponse"}
{"level":20,"time":1756804936563,"pid":36960,"hostname":"Sathits-Laptop.local","msg":"Registered schema: serverErrorResponse"}
{"level":30,"time":1756804936563,"pid":36960,"hostname":"Sathits-Laptop.local","msg":"Schema registry initialized with base schemas"}
{"level":30,"time":1756804936563,"pid":36960,"hostname":"Sathits-Laptop.local","msg":"Schema enforcement plugin activated - all routes must have complete schemas"}
{"level":30,"time":1756804936606,"pid":36960,"hostname":"Sathits-Laptop.local","msg":"Redis connected successfully"}
{"level":30,"time":1756804936711,"pid":36960,"hostname":"Sathits-Laptop.local","msg":"Swagger OpenAPI documentation configured"}
{"level":30,"time":1756804936711,"pid":36960,"hostname":"Sathits-Laptop.local","msg":"Swagger UI available at: /api-docs"}
{"level":30,"time":1756804936711,"pid":36960,"hostname":"Sathits-Laptop.local","msg":"OpenAPI JSON available at: /api/documentation/json"}
{"level":30,"time":1756804936711,"pid":36960,"hostname":"Sathits-Laptop.local","msg":"Static files plugin registered successfully"}
{"level":20,"time":1756804936711,"pid":36960,"hostname":"Sathits-Laptop.local","msg":"Registered schema: default-api-info"}
{"level":20,"time":1756804936712,"pid":36960,"hostname":"Sathits-Laptop.local","msg":"Registered schema: default-system-status"}
{"level":20,"time":1756804936712,"pid":36960,"hostname":"Sathits-Laptop.local","msg":"Registered schema: default-health-check"}
{"level":20,"time":1756804936712,"pid":36960,"hostname":"Sathits-Laptop.local","msg":"Registered schema: default-ping-response"}
{"level":20,"time":1756804936712,"pid":36960,"hostname":"Sathits-Laptop.local","msg":"Registered schema: default-api-info-response"}
{"level":20,"time":1756804936712,"pid":36960,"hostname":"Sathits-Laptop.local","msg":"Registered schema: default-system-status-response"}
{"level":20,"time":1756804936712,"pid":36960,"hostname":"Sathits-Laptop.local","msg":"Registered schema: default-health-check-response"}
{"level":20,"time":1756804936712,"pid":36960,"hostname":"Sathits-Laptop.local","msg":"Registered schema: default-ping-response-data"}
{"level":20,"time":1756804936712,"pid":36960,"hostname":"Sathits-Laptop.local","msg":"Registered schema: default-apiInfoResponse"}
{"level":20,"time":1756804936712,"pid":36960,"hostname":"Sathits-Laptop.local","msg":"Registered schema: default-apiStatusResponse"}
{"level":20,"time":1756804936712,"pid":36960,"hostname":"Sathits-Laptop.local","msg":"Registered schema: default-healthResponse"}
{"level":20,"time":1756804936712,"pid":36960,"hostname":"Sathits-Laptop.local","msg":"Registered schema: default-pingResponse"}
{"level":30,"time":1756804936713,"pid":36960,"hostname":"Sathits-Laptop.local","msg":"Default plugin registered successfully"}
{"level":20,"time":1756804936713,"pid":36960,"hostname":"Sathits-Laptop.local","msg":"Registered schema: auth-auth-user"}
{"level":20,"time":1756804936713,"pid":36960,"hostname":"Sathits-Laptop.local","msg":"Registered schema: auth-register-request"}
{"level":20,"time":1756804936713,"pid":36960,"hostname":"Sathits-Laptop.local","msg":"Registered schema: auth-login-request"}
{"level":20,"time":1756804936713,"pid":36960,"hostname":"Sathits-Laptop.local","msg":"Registered schema: auth-refresh-request"}
{"level":20,"time":1756804936713,"pid":36960,"hostname":"Sathits-Laptop.local","msg":"Registered schema: auth-auth-response"}
{"level":20,"time":1756804936713,"pid":36960,"hostname":"Sathits-Laptop.local","msg":"Registered schema: auth-register-response"}
{"level":20,"time":1756804936713,"pid":36960,"hostname":"Sathits-Laptop.local","msg":"Registered schema: auth-refresh-response"}
{"level":20,"time":1756804936713,"pid":36960,"hostname":"Sathits-Laptop.local","msg":"Registered schema: auth-profile-response"}
{"level":20,"time":1756804936713,"pid":36960,"hostname":"Sathits-Laptop.local","msg":"Registered schema: auth-logout-response"}
{"level":20,"time":1756804936713,"pid":36960,"hostname":"Sathits-Laptop.local","msg":"Registered schema: auth-authUser"}
{"level":20,"time":1756804936713,"pid":36960,"hostname":"Sathits-Laptop.local","msg":"Registered schema: auth-registerRequest"}
{"level":20,"time":1756804936713,"pid":36960,"hostname":"Sathits-Laptop.local","msg":"Registered schema: auth-loginRequest"}
{"level":20,"time":1756804936713,"pid":36960,"hostname":"Sathits-Laptop.local","msg":"Registered schema: auth-refreshRequest"}
{"level":20,"time":1756804936713,"pid":36960,"hostname":"Sathits-Laptop.local","msg":"Registered schema: auth-authResponse"}
{"level":20,"time":1756804936713,"pid":36960,"hostname":"Sathits-Laptop.local","msg":"Registered schema: auth-registerResponse"}
{"level":20,"time":1756804936713,"pid":36960,"hostname":"Sathits-Laptop.local","msg":"Registered schema: auth-refreshResponse"}
{"level":20,"time":1756804936713,"pid":36960,"hostname":"Sathits-Laptop.local","msg":"Registered schema: auth-profileResponse"}
{"level":20,"time":1756804936713,"pid":36960,"hostname":"Sathits-Laptop.local","msg":"Registered schema: auth-logoutResponse"}
{"level":20,"time":1756804936714,"pid":36960,"hostname":"Sathits-Laptop.local","msg":"Registered schema: navigation-navigation-badge"}
{"level":20,"time":1756804936714,"pid":36960,"hostname":"Sathits-Laptop.local","msg":"Registered schema: navigation-navigation-item"}
{"level":20,"time":1756804936714,"pid":36960,"hostname":"Sathits-Laptop.local","msg":"Registered schema: navigation-navigation-data"}
{"level":20,"time":1756804936714,"pid":36960,"hostname":"Sathits-Laptop.local","msg":"Registered schema: navigation-navigation-response"}
{"level":20,"time":1756804936714,"pid":36960,"hostname":"Sathits-Laptop.local","msg":"Registered schema: navigation-get-navigation-query"}
{"level":20,"time":1756804936714,"pid":36960,"hostname":"Sathits-Laptop.local","msg":"Registered schema: navigation-get-user-navigation-query"}
{"level":30,"time":1756804936715,"pid":36960,"hostname":"Sathits-Laptop.local","msg":"Navigation routes registered successfully"}
{"level":30,"time":1756804936715,"pid":36960,"hostname":"Sathits-Laptop.local","msg":"Navigation plugin registered successfully"}
{"level":20,"time":1756804936715,"pid":36960,"hostname":"Sathits-Laptop.local","msg":"Registered schema: user-profile-user-profile"}
{"level":20,"time":1756804936715,"pid":36960,"hostname":"Sathits-Laptop.local","msg":"Registered schema: user-profile-user-role"}
{"level":20,"time":1756804936715,"pid":36960,"hostname":"Sathits-Laptop.local","msg":"Registered schema: user-profile-user-preferences"}
{"level":20,"time":1756804936715,"pid":36960,"hostname":"Sathits-Laptop.local","msg":"Registered schema: user-profile-notification-preferences"}
{"level":20,"time":1756804936715,"pid":36960,"hostname":"Sathits-Laptop.local","msg":"Registered schema: user-profile-navigation-preferences"}
{"level":20,"time":1756804936715,"pid":36960,"hostname":"Sathits-Laptop.local","msg":"Registered schema: user-profile-user-profile-update-request"}
{"level":20,"time":1756804936715,"pid":36960,"hostname":"Sathits-Laptop.local","msg":"Registered schema: user-profile-user-preferences-update-request"}
{"level":20,"time":1756804936715,"pid":36960,"hostname":"Sathits-Laptop.local","msg":"Registered schema: user-profile-user-profile-response"}
{"level":20,"time":1756804936715,"pid":36960,"hostname":"Sathits-Laptop.local","msg":"Registered schema: user-profile-avatar-upload-response"}
{"level":20,"time":1756804936715,"pid":36960,"hostname":"Sathits-Laptop.local","msg":"Registered schema: user-profile-avatar-delete-response"}
{"level":20,"time":1756804936715,"pid":36960,"hostname":"Sathits-Laptop.local","msg":"Registered schema: user-profile-avatar-upload-data"}
{"level":20,"time":1756804936715,"pid":36960,"hostname":"Sathits-Laptop.local","msg":"Registered schema: user-profile-avatar-delete-data"}
{"level":20,"time":1756804936715,"pid":36960,"hostname":"Sathits-Laptop.local","msg":"Registered schema: user-profile-userProfileResponse"}
{"level":20,"time":1756804936715,"pid":36960,"hostname":"Sathits-Laptop.local","msg":"Registered schema: user-profile-userProfileUpdateRequest"}
{"level":20,"time":1756804936716,"pid":36960,"hostname":"Sathits-Laptop.local","msg":"Registered schema: user-profile-userPreferencesUpdateRequest"}
{"level":20,"time":1756804936716,"pid":36960,"hostname":"Sathits-Laptop.local","msg":"Registered schema: user-profile-avatarUploadResponse"}
{"level":20,"time":1756804936716,"pid":36960,"hostname":"Sathits-Laptop.local","msg":"Registered schema: user-profile-avatarDeleteResponse"}
{"level":30,"time":1756804936742,"pid":36960,"hostname":"Sathits-Laptop.local","msg":"User Profile plugin registered successfully"}
{"level":20,"time":1756804936742,"pid":36960,"hostname":"Sathits-Laptop.local","msg":"Registered schema: settings-settings-setting"}
{"level":20,"time":1756804936742,"pid":36960,"hostname":"Sathits-Laptop.local","msg":"Registered schema: settings-settings-create-setting"}
{"level":20,"time":1756804936742,"pid":36960,"hostname":"Sathits-Laptop.local","msg":"Registered schema: settings-settings-update-setting"}
{"level":20,"time":1756804936742,"pid":36960,"hostname":"Sathits-Laptop.local","msg":"Registered schema: settings-settings-update-setting-value"}
{"level":20,"time":1756804936742,"pid":36960,"hostname":"Sathits-Laptop.local","msg":"Registered schema: settings-settings-user-setting"}
{"level":20,"time":1756804936742,"pid":36960,"hostname":"Sathits-Laptop.local","msg":"Registered schema: settings-settings-update-user-setting"}
{"level":20,"time":1756804936742,"pid":36960,"hostname":"Sathits-Laptop.local","msg":"Registered schema: settings-settings-setting-history"}
{"level":20,"time":1756804936742,"pid":36960,"hostname":"Sathits-Laptop.local","msg":"Registered schema: settings-settings-get-settings-query"}
{"level":20,"time":1756804936742,"pid":36960,"hostname":"Sathits-Laptop.local","msg":"Registered schema: settings-settings-get-setting-history-query"}
{"level":20,"time":1756804936742,"pid":36960,"hostname":"Sathits-Laptop.local","msg":"Registered schema: settings-settings-grouped-settings"}
{"level":20,"time":1756804936742,"pid":36960,"hostname":"Sathits-Laptop.local","msg":"Registered schema: settings-settings-bulk-update-settings"}
{"level":20,"time":1756804936742,"pid":36960,"hostname":"Sathits-Laptop.local","msg":"Registered schema: settings-settings-setting-response"}
{"level":20,"time":1756804936742,"pid":36960,"hostname":"Sathits-Laptop.local","msg":"Registered schema: settings-settings-settings-list-response"}
{"level":20,"time":1756804936742,"pid":36960,"hostname":"Sathits-Laptop.local","msg":"Registered schema: settings-settings-grouped-settings-response"}
{"level":20,"time":1756804936742,"pid":36960,"hostname":"Sathits-Laptop.local","msg":"Registered schema: settings-settings-setting-history-response"}
{"level":20,"time":1756804936742,"pid":36960,"hostname":"Sathits-Laptop.local","msg":"Registered schema: settings-settings-bulk-update-response"}
{"level":30,"time":1756804936745,"pid":36960,"hostname":"Sathits-Laptop.local","msg":"Settings plugin registered successfully"}
{"level":20,"time":1756804937205,"pid":36960,"hostname":"Sathits-Laptop.local","msg":"Navigation cached: navigation:default:false"}
{"level":30,"time":1756804937205,"pid":36960,"hostname":"Sathits-Laptop.local","msg":"Navigation module initialized successfully"}
{"level":20,"time":1756804937205,"pid":36960,"hostname":"Sathits-Laptop.local","msg":"Navigation health check passed. Found 1 navigation types"}
{"level":50,"time":1756804937206,"pid":36960,"hostname":"Sathits-Laptop.local","err":{"type":"Error","message":"listen EADDRINUSE: address already in use 0.0.0.0:3333","stack":"Error: listen EADDRINUSE: address already in use 0.0.0.0:3333\n    at Server.setupListenHandle [as _listen2] (node:net:1940:16)\n    at listenInCluster (node:net:1997:12)\n    at node:net:2206:7\n    at processTicksAndRejections (node:internal/process/task_queues:90:21)","code":"EADDRINUSE","errno":-48,"syscall":"listen","address":"0.0.0.0","port":3333},"msg":"listen EADDRINUSE: address already in use 0.0.0.0:3333"}
[7m[1m[36m NX [39m[22m[27m [1mProcess exited with code 1, waiting for changes to restart...[22m
[ [32mwatch[39m ] build succeeded, watching for changes...
[1m[31mDebugger listening on ws://localhost:9229/ffcaefc6-7337-476e-a171-39377188f494[39m[22m
[1m[31mDebugger listening on ws://localhost:9229/ffcaefc6-7337-476e-a171-39377188f494[39m[22m
[1m[31mFor help, see: https://nodejs.org/en/docs/inspector[39m[22m
[1m[31m[39m[22m
[dotenv@17.2.1] injecting env (0) from .env -- tip: 🛠️  run anywhere with `dotenvx run -- yourcommand`
{"level":30,"time":1756805488681,"pid":41371,"hostname":"Sathits-Laptop.local","msg":"Database connected successfully"}
{"level":30,"time":1756805488690,"pid":41371,"hostname":"Sathits-Laptop.local","msg":"JWT Auth plugin registered successfully"}
{"level":20,"time":1756805488691,"pid":41371,"hostname":"Sathits-Laptop.local","msg":"Registered schema: api-meta"}
{"level":20,"time":1756805488691,"pid":41371,"hostname":"Sathits-Laptop.local","msg":"Registered schema: pagination-meta"}
{"level":20,"time":1756805488691,"pid":41371,"hostname":"Sathits-Laptop.local","msg":"Registered schema: api-error-response"}
{"level":20,"time":1756805488691,"pid":41371,"hostname":"Sathits-Laptop.local","msg":"Registered schema: validation-error-response"}
{"level":20,"time":1756805488691,"pid":41371,"hostname":"Sathits-Laptop.local","msg":"Registered schema: unauthorized-response"}
{"level":20,"time":1756805488691,"pid":41371,"hostname":"Sathits-Laptop.local","msg":"Registered schema: forbidden-response"}
{"level":20,"time":1756805488691,"pid":41371,"hostname":"Sathits-Laptop.local","msg":"Registered schema: not-found-response"}
{"level":20,"time":1756805488691,"pid":41371,"hostname":"Sathits-Laptop.local","msg":"Registered schema: conflict-response"}
{"level":20,"time":1756805488691,"pid":41371,"hostname":"Sathits-Laptop.local","msg":"Registered schema: server-error-response"}
{"level":20,"time":1756805488691,"pid":41371,"hostname":"Sathits-Laptop.local","msg":"Registered schema: pagination-query"}
{"level":20,"time":1756805488691,"pid":41371,"hostname":"Sathits-Laptop.local","msg":"Registered schema: search-query"}
{"level":20,"time":1756805488691,"pid":41371,"hostname":"Sathits-Laptop.local","msg":"Registered schema: uuid-param"}
{"level":20,"time":1756805488691,"pid":41371,"hostname":"Sathits-Laptop.local","msg":"Registered schema: numeric-id-param"}
{"level":20,"time":1756805488691,"pid":41371,"hostname":"Sathits-Laptop.local","msg":"Registered schema: validationErrorResponse"}
{"level":20,"time":1756805488691,"pid":41371,"hostname":"Sathits-Laptop.local","msg":"Registered schema: unauthorizedResponse"}
{"level":20,"time":1756805488691,"pid":41371,"hostname":"Sathits-Laptop.local","msg":"Registered schema: forbiddenResponse"}
{"level":20,"time":1756805488691,"pid":41371,"hostname":"Sathits-Laptop.local","msg":"Registered schema: notFoundResponse"}
{"level":20,"time":1756805488691,"pid":41371,"hostname":"Sathits-Laptop.local","msg":"Registered schema: conflictResponse"}
{"level":20,"time":1756805488691,"pid":41371,"hostname":"Sathits-Laptop.local","msg":"Registered schema: serverErrorResponse"}
{"level":30,"time":1756805488691,"pid":41371,"hostname":"Sathits-Laptop.local","msg":"Schema registry initialized with base schemas"}
{"level":30,"time":1756805488691,"pid":41371,"hostname":"Sathits-Laptop.local","msg":"Schema enforcement plugin activated - all routes must have complete schemas"}
{"level":30,"time":1756805488759,"pid":41371,"hostname":"Sathits-Laptop.local","msg":"Swagger OpenAPI documentation configured"}
{"level":30,"time":1756805488759,"pid":41371,"hostname":"Sathits-Laptop.local","msg":"Swagger UI available at: /api-docs"}
{"level":30,"time":1756805488759,"pid":41371,"hostname":"Sathits-Laptop.local","msg":"OpenAPI JSON available at: /api/documentation/json"}
{"level":30,"time":1756805488760,"pid":41371,"hostname":"Sathits-Laptop.local","msg":"Static files plugin registered successfully"}
{"level":20,"time":1756805488760,"pid":41371,"hostname":"Sathits-Laptop.local","msg":"Registered schema: default-api-info"}
{"level":20,"time":1756805488760,"pid":41371,"hostname":"Sathits-Laptop.local","msg":"Registered schema: default-system-status"}
{"level":20,"time":1756805488760,"pid":41371,"hostname":"Sathits-Laptop.local","msg":"Registered schema: default-health-check"}
{"level":20,"time":1756805488760,"pid":41371,"hostname":"Sathits-Laptop.local","msg":"Registered schema: default-ping-response"}
{"level":20,"time":1756805488760,"pid":41371,"hostname":"Sathits-Laptop.local","msg":"Registered schema: default-api-info-response"}
{"level":20,"time":1756805488760,"pid":41371,"hostname":"Sathits-Laptop.local","msg":"Registered schema: default-system-status-response"}
{"level":20,"time":1756805488760,"pid":41371,"hostname":"Sathits-Laptop.local","msg":"Registered schema: default-health-check-response"}
{"level":20,"time":1756805488760,"pid":41371,"hostname":"Sathits-Laptop.local","msg":"Registered schema: default-ping-response-data"}
{"level":20,"time":1756805488760,"pid":41371,"hostname":"Sathits-Laptop.local","msg":"Registered schema: default-apiInfoResponse"}
{"level":20,"time":1756805488760,"pid":41371,"hostname":"Sathits-Laptop.local","msg":"Registered schema: default-apiStatusResponse"}
{"level":20,"time":1756805488760,"pid":41371,"hostname":"Sathits-Laptop.local","msg":"Registered schema: default-healthResponse"}
{"level":20,"time":1756805488760,"pid":41371,"hostname":"Sathits-Laptop.local","msg":"Registered schema: default-pingResponse"}
{"level":30,"time":1756805488761,"pid":41371,"hostname":"Sathits-Laptop.local","msg":"Default plugin registered successfully"}
{"level":20,"time":1756805488761,"pid":41371,"hostname":"Sathits-Laptop.local","msg":"Registered schema: auth-auth-user"}
{"level":20,"time":1756805488761,"pid":41371,"hostname":"Sathits-Laptop.local","msg":"Registered schema: auth-register-request"}
{"level":20,"time":1756805488761,"pid":41371,"hostname":"Sathits-Laptop.local","msg":"Registered schema: auth-login-request"}
{"level":20,"time":1756805488761,"pid":41371,"hostname":"Sathits-Laptop.local","msg":"Registered schema: auth-refresh-request"}
{"level":20,"time":1756805488761,"pid":41371,"hostname":"Sathits-Laptop.local","msg":"Registered schema: auth-auth-response"}
{"level":20,"time":1756805488761,"pid":41371,"hostname":"Sathits-Laptop.local","msg":"Registered schema: auth-register-response"}
{"level":20,"time":1756805488761,"pid":41371,"hostname":"Sathits-Laptop.local","msg":"Registered schema: auth-refresh-response"}
{"level":20,"time":1756805488761,"pid":41371,"hostname":"Sathits-Laptop.local","msg":"Registered schema: auth-profile-response"}
{"level":20,"time":1756805488761,"pid":41371,"hostname":"Sathits-Laptop.local","msg":"Registered schema: auth-logout-response"}
{"level":20,"time":1756805488761,"pid":41371,"hostname":"Sathits-Laptop.local","msg":"Registered schema: auth-authUser"}
{"level":20,"time":1756805488761,"pid":41371,"hostname":"Sathits-Laptop.local","msg":"Registered schema: auth-registerRequest"}
{"level":20,"time":1756805488761,"pid":41371,"hostname":"Sathits-Laptop.local","msg":"Registered schema: auth-loginRequest"}
{"level":20,"time":1756805488761,"pid":41371,"hostname":"Sathits-Laptop.local","msg":"Registered schema: auth-refreshRequest"}
{"level":20,"time":1756805488761,"pid":41371,"hostname":"Sathits-Laptop.local","msg":"Registered schema: auth-authResponse"}
{"level":20,"time":1756805488761,"pid":41371,"hostname":"Sathits-Laptop.local","msg":"Registered schema: auth-registerResponse"}
{"level":20,"time":1756805488761,"pid":41371,"hostname":"Sathits-Laptop.local","msg":"Registered schema: auth-refreshResponse"}
{"level":20,"time":1756805488761,"pid":41371,"hostname":"Sathits-Laptop.local","msg":"Registered schema: auth-profileResponse"}
{"level":20,"time":1756805488761,"pid":41371,"hostname":"Sathits-Laptop.local","msg":"Registered schema: auth-logoutResponse"}
{"level":20,"time":1756805488762,"pid":41371,"hostname":"Sathits-Laptop.local","msg":"Registered schema: navigation-navigation-badge"}
{"level":20,"time":1756805488762,"pid":41371,"hostname":"Sathits-Laptop.local","msg":"Registered schema: navigation-navigation-item"}
{"level":20,"time":1756805488762,"pid":41371,"hostname":"Sathits-Laptop.local","msg":"Registered schema: navigation-navigation-data"}
{"level":20,"time":1756805488763,"pid":41371,"hostname":"Sathits-Laptop.local","msg":"Registered schema: navigation-navigation-response"}
{"level":20,"time":1756805488763,"pid":41371,"hostname":"Sathits-Laptop.local","msg":"Registered schema: navigation-get-navigation-query"}
{"level":20,"time":1756805488763,"pid":41371,"hostname":"Sathits-Laptop.local","msg":"Registered schema: navigation-get-user-navigation-query"}
{"level":30,"time":1756805488763,"pid":41371,"hostname":"Sathits-Laptop.local","msg":"Navigation routes registered successfully"}
{"level":30,"time":1756805488763,"pid":41371,"hostname":"Sathits-Laptop.local","msg":"Navigation plugin registered successfully"}
{"level":20,"time":1756805488764,"pid":41371,"hostname":"Sathits-Laptop.local","msg":"Registered schema: user-profile-user-profile"}
{"level":20,"time":1756805488764,"pid":41371,"hostname":"Sathits-Laptop.local","msg":"Registered schema: user-profile-user-role"}
{"level":20,"time":1756805488764,"pid":41371,"hostname":"Sathits-Laptop.local","msg":"Registered schema: user-profile-user-preferences"}
{"level":20,"time":1756805488764,"pid":41371,"hostname":"Sathits-Laptop.local","msg":"Registered schema: user-profile-notification-preferences"}
{"level":20,"time":1756805488764,"pid":41371,"hostname":"Sathits-Laptop.local","msg":"Registered schema: user-profile-navigation-preferences"}
{"level":20,"time":1756805488764,"pid":41371,"hostname":"Sathits-Laptop.local","msg":"Registered schema: user-profile-user-profile-update-request"}
{"level":20,"time":1756805488764,"pid":41371,"hostname":"Sathits-Laptop.local","msg":"Registered schema: user-profile-user-preferences-update-request"}
{"level":20,"time":1756805488764,"pid":41371,"hostname":"Sathits-Laptop.local","msg":"Registered schema: user-profile-user-profile-response"}
{"level":20,"time":1756805488764,"pid":41371,"hostname":"Sathits-Laptop.local","msg":"Registered schema: user-profile-avatar-upload-response"}
{"level":20,"time":1756805488764,"pid":41371,"hostname":"Sathits-Laptop.local","msg":"Registered schema: user-profile-avatar-delete-response"}
{"level":20,"time":1756805488764,"pid":41371,"hostname":"Sathits-Laptop.local","msg":"Registered schema: user-profile-avatar-upload-data"}
{"level":20,"time":1756805488764,"pid":41371,"hostname":"Sathits-Laptop.local","msg":"Registered schema: user-profile-avatar-delete-data"}
{"level":20,"time":1756805488764,"pid":41371,"hostname":"Sathits-Laptop.local","msg":"Registered schema: user-profile-userProfileResponse"}
{"level":20,"time":1756805488764,"pid":41371,"hostname":"Sathits-Laptop.local","msg":"Registered schema: user-profile-userProfileUpdateRequest"}
{"level":20,"time":1756805488764,"pid":41371,"hostname":"Sathits-Laptop.local","msg":"Registered schema: user-profile-userPreferencesUpdateRequest"}
{"level":20,"time":1756805488764,"pid":41371,"hostname":"Sathits-Laptop.local","msg":"Registered schema: user-profile-avatarUploadResponse"}
{"level":20,"time":1756805488764,"pid":41371,"hostname":"Sathits-Laptop.local","msg":"Registered schema: user-profile-avatarDeleteResponse"}
{"level":30,"time":1756805488774,"pid":41371,"hostname":"Sathits-Laptop.local","msg":"User Profile plugin registered successfully"}
{"level":20,"time":1756805488774,"pid":41371,"hostname":"Sathits-Laptop.local","msg":"Registered schema: settings-settings-setting"}
{"level":20,"time":1756805488774,"pid":41371,"hostname":"Sathits-Laptop.local","msg":"Registered schema: settings-settings-create-setting"}
{"level":20,"time":1756805488774,"pid":41371,"hostname":"Sathits-Laptop.local","msg":"Registered schema: settings-settings-update-setting"}
{"level":20,"time":1756805488774,"pid":41371,"hostname":"Sathits-Laptop.local","msg":"Registered schema: settings-settings-update-setting-value"}
{"level":20,"time":1756805488774,"pid":41371,"hostname":"Sathits-Laptop.local","msg":"Registered schema: settings-settings-user-setting"}
{"level":20,"time":1756805488774,"pid":41371,"hostname":"Sathits-Laptop.local","msg":"Registered schema: settings-settings-update-user-setting"}
{"level":20,"time":1756805488774,"pid":41371,"hostname":"Sathits-Laptop.local","msg":"Registered schema: settings-settings-setting-history"}
{"level":20,"time":1756805488775,"pid":41371,"hostname":"Sathits-Laptop.local","msg":"Registered schema: settings-settings-get-settings-query"}
{"level":20,"time":1756805488775,"pid":41371,"hostname":"Sathits-Laptop.local","msg":"Registered schema: settings-settings-get-setting-history-query"}
{"level":20,"time":1756805488775,"pid":41371,"hostname":"Sathits-Laptop.local","msg":"Registered schema: settings-settings-grouped-settings"}
{"level":20,"time":1756805488775,"pid":41371,"hostname":"Sathits-Laptop.local","msg":"Registered schema: settings-settings-bulk-update-settings"}
{"level":20,"time":1756805488775,"pid":41371,"hostname":"Sathits-Laptop.local","msg":"Registered schema: settings-settings-setting-response"}
{"level":20,"time":1756805488775,"pid":41371,"hostname":"Sathits-Laptop.local","msg":"Registered schema: settings-settings-settings-list-response"}
{"level":20,"time":1756805488775,"pid":41371,"hostname":"Sathits-Laptop.local","msg":"Registered schema: settings-settings-grouped-settings-response"}
{"level":20,"time":1756805488775,"pid":41371,"hostname":"Sathits-Laptop.local","msg":"Registered schema: settings-settings-setting-history-response"}
{"level":20,"time":1756805488775,"pid":41371,"hostname":"Sathits-Laptop.local","msg":"Registered schema: settings-settings-bulk-update-response"}
{"level":30,"time":1756805488777,"pid":41371,"hostname":"Sathits-Laptop.local","msg":"Settings plugin registered successfully"}
{"level":20,"time":1756805489149,"pid":41371,"hostname":"Sathits-Laptop.local","msg":"Navigation cached: navigation:default:false"}
🚀 API is running on http://localhost:3333
📚 Environment: development
{"level":30,"time":1756805489149,"pid":41371,"hostname":"Sathits-Laptop.local","msg":"Navigation module initialized successfully"}
{"level":20,"time":1756805489149,"pid":41371,"hostname":"Sathits-Laptop.local","msg":"Navigation health check passed. Found 1 navigation types"}
{"level":30,"time":1756805489151,"pid":41371,"hostname":"Sathits-Laptop.local","msg":"Server listening at http://127.0.0.1:3333"}
{"level":30,"time":1756805489151,"pid":41371,"hostname":"Sathits-Laptop.local","msg":"Server listening at http://10.3.42.206:3333"}
{"level":30,"time":1756805489151,"pid":41371,"hostname":"Sathits-Laptop.local","msg":"Server listening at http://198.19.2.2:3333"}
{"level":30,"time":1756805489151,"pid":41371,"hostname":"Sathits-Laptop.local","msg":"Server listening at http://192.168.139.3:3333"}
{"level":30,"time":1756805489151,"pid":41371,"hostname":"Sathits-Laptop.local","msg":"Server listening at http://192.168.194.0:3333"}
{"level":30,"time":1756805489151,"pid":41371,"hostname":"Sathits-Laptop.local","msg":"Server listening at http://192.168.215.0:3333"}
{"level":30,"time":1756805489151,"pid":41371,"hostname":"Sathits-Laptop.local","msg":"Server listening at http://192.168.155.0:3333"}
{"level":30,"time":1756805489151,"pid":41371,"hostname":"Sathits-Laptop.local","msg":"Server listening at http://192.168.163.0:3333"}
{"level":30,"time":1756805535532,"pid":41371,"hostname":"Sathits-Laptop.local","reqId":"req-1","req":{"method":"GET","url":"/api/health","host":"localhost:3333","remoteAddress":"127.0.0.1","remotePort":63908},"msg":"incoming request"}
{"level":30,"time":1756805535546,"pid":41371,"hostname":"Sathits-Laptop.local","reqId":"req-1","res":{"statusCode":200},"responseTime":14.052208006381989,"msg":"request completed"}
{"level":30,"time":1756805535562,"pid":41371,"hostname":"Sathits-Laptop.local","reqId":"req-2","req":{"method":"GET","url":"/api/info","host":"127.0.0.1:3333","remoteAddress":"127.0.0.1","remotePort":63909},"msg":"incoming request"}
{"level":30,"time":1756805535566,"pid":41371,"hostname":"Sathits-Laptop.local","reqId":"req-2","res":{"statusCode":200},"responseTime":4.02558296918869,"msg":"request completed"}
{"level":30,"time":1756805535588,"pid":41371,"hostname":"Sathits-Laptop.local","reqId":"req-3","req":{"method":"GET","url":"/api/status","host":"127.0.0.1:3333","remoteAddress":"127.0.0.1","remotePort":63910},"msg":"incoming request"}
{"level":50,"time":1756805535602,"pid":41371,"hostname":"Sathits-Laptop.local","error":{"serialization":{"url":"/api/status","method":"GET"}},"request":{"method":"GET","url":"/api/status","headers":{"host":"127.0.0.1:3333","user-agent":"curl/8.7.1","accept":"*/*"},"params":{},"query":{}}}
{"level":30,"time":1756805535609,"pid":41371,"hostname":"Sathits-Laptop.local","reqId":"req-3","res":{"statusCode":500},"responseTime":20.670332968235016,"msg":"request completed"}
{"level":30,"time":1756805552840,"pid":41371,"hostname":"Sathits-Laptop.local","reqId":"req-4","req":{"method":"GET","url":"/api/info","host":"localhost:3333","remoteAddress":"127.0.0.1","remotePort":63954},"msg":"incoming request"}
{"level":30,"time":1756805552844,"pid":41371,"hostname":"Sathits-Laptop.local","reqId":"req-4","res":{"statusCode":200},"responseTime":3.1487080454826355,"msg":"request completed"}
[ [32mwatch[39m ] build succeeded, watching for changes...
[1m[31mDebugger listening on ws://localhost:9229/35add3b5-a39f-4218-bf42-304fed2b0578[39m[22m
[1m[31mDebugger listening on ws://localhost:9229/35add3b5-a39f-4218-bf42-304fed2b0578[39m[22m
[1m[31mFor help, see: https://nodejs.org/en/docs/inspector[39m[22m
[1m[31m[39m[22m
[dotenv@17.2.1] injecting env (0) from .env -- tip: 📡 version env with Radar: https://dotenvx.com/radar
{"level":30,"time":1756805578550,"pid":42438,"hostname":"Sathits-Laptop.local","msg":"Database connected successfully"}
{"level":30,"time":1756805578563,"pid":42438,"hostname":"Sathits-Laptop.local","msg":"JWT Auth plugin registered successfully"}
{"level":20,"time":1756805578563,"pid":42438,"hostname":"Sathits-Laptop.local","msg":"Registered schema: api-meta"}
{"level":20,"time":1756805578563,"pid":42438,"hostname":"Sathits-Laptop.local","msg":"Registered schema: pagination-meta"}
{"level":20,"time":1756805578563,"pid":42438,"hostname":"Sathits-Laptop.local","msg":"Registered schema: api-error-response"}
{"level":20,"time":1756805578563,"pid":42438,"hostname":"Sathits-Laptop.local","msg":"Registered schema: validation-error-response"}
{"level":20,"time":1756805578563,"pid":42438,"hostname":"Sathits-Laptop.local","msg":"Registered schema: unauthorized-response"}
{"level":20,"time":1756805578563,"pid":42438,"hostname":"Sathits-Laptop.local","msg":"Registered schema: forbidden-response"}
{"level":20,"time":1756805578563,"pid":42438,"hostname":"Sathits-Laptop.local","msg":"Registered schema: not-found-response"}
{"level":20,"time":1756805578564,"pid":42438,"hostname":"Sathits-Laptop.local","msg":"Registered schema: conflict-response"}
{"level":20,"time":1756805578564,"pid":42438,"hostname":"Sathits-Laptop.local","msg":"Registered schema: server-error-response"}
{"level":20,"time":1756805578564,"pid":42438,"hostname":"Sathits-Laptop.local","msg":"Registered schema: pagination-query"}
{"level":20,"time":1756805578564,"pid":42438,"hostname":"Sathits-Laptop.local","msg":"Registered schema: search-query"}
{"level":20,"time":1756805578564,"pid":42438,"hostname":"Sathits-Laptop.local","msg":"Registered schema: uuid-param"}
{"level":20,"time":1756805578564,"pid":42438,"hostname":"Sathits-Laptop.local","msg":"Registered schema: numeric-id-param"}
{"level":20,"time":1756805578564,"pid":42438,"hostname":"Sathits-Laptop.local","msg":"Registered schema: validationErrorResponse"}
{"level":20,"time":1756805578564,"pid":42438,"hostname":"Sathits-Laptop.local","msg":"Registered schema: unauthorizedResponse"}
{"level":20,"time":1756805578564,"pid":42438,"hostname":"Sathits-Laptop.local","msg":"Registered schema: forbiddenResponse"}
{"level":20,"time":1756805578564,"pid":42438,"hostname":"Sathits-Laptop.local","msg":"Registered schema: notFoundResponse"}
{"level":20,"time":1756805578564,"pid":42438,"hostname":"Sathits-Laptop.local","msg":"Registered schema: conflictResponse"}
{"level":20,"time":1756805578564,"pid":42438,"hostname":"Sathits-Laptop.local","msg":"Registered schema: serverErrorResponse"}
{"level":30,"time":1756805578564,"pid":42438,"hostname":"Sathits-Laptop.local","msg":"Schema registry initialized with base schemas"}
{"level":30,"time":1756805578564,"pid":42438,"hostname":"Sathits-Laptop.local","msg":"Schema enforcement plugin activated - all routes must have complete schemas"}
{"level":30,"time":1756805578627,"pid":42438,"hostname":"Sathits-Laptop.local","msg":"Swagger OpenAPI documentation configured"}
{"level":30,"time":1756805578627,"pid":42438,"hostname":"Sathits-Laptop.local","msg":"Swagger UI available at: /api-docs"}
{"level":30,"time":1756805578627,"pid":42438,"hostname":"Sathits-Laptop.local","msg":"OpenAPI JSON available at: /api/documentation/json"}
{"level":30,"time":1756805578627,"pid":42438,"hostname":"Sathits-Laptop.local","msg":"Static files plugin registered successfully"}
{"level":20,"time":1756805578627,"pid":42438,"hostname":"Sathits-Laptop.local","msg":"Registered schema: default-api-info"}
{"level":20,"time":1756805578627,"pid":42438,"hostname":"Sathits-Laptop.local","msg":"Registered schema: default-system-status"}
{"level":20,"time":1756805578627,"pid":42438,"hostname":"Sathits-Laptop.local","msg":"Registered schema: default-health-check"}
{"level":20,"time":1756805578627,"pid":42438,"hostname":"Sathits-Laptop.local","msg":"Registered schema: default-ping-response"}
{"level":20,"time":1756805578627,"pid":42438,"hostname":"Sathits-Laptop.local","msg":"Registered schema: default-api-info-response"}
{"level":20,"time":1756805578627,"pid":42438,"hostname":"Sathits-Laptop.local","msg":"Registered schema: default-system-status-response"}
{"level":20,"time":1756805578627,"pid":42438,"hostname":"Sathits-Laptop.local","msg":"Registered schema: default-health-check-response"}
{"level":20,"time":1756805578627,"pid":42438,"hostname":"Sathits-Laptop.local","msg":"Registered schema: default-ping-response-data"}
{"level":20,"time":1756805578627,"pid":42438,"hostname":"Sathits-Laptop.local","msg":"Registered schema: default-apiInfoResponse"}
{"level":20,"time":1756805578627,"pid":42438,"hostname":"Sathits-Laptop.local","msg":"Registered schema: default-apiStatusResponse"}
{"level":20,"time":1756805578628,"pid":42438,"hostname":"Sathits-Laptop.local","msg":"Registered schema: default-healthResponse"}
{"level":20,"time":1756805578628,"pid":42438,"hostname":"Sathits-Laptop.local","msg":"Registered schema: default-pingResponse"}
{"level":30,"time":1756805578628,"pid":42438,"hostname":"Sathits-Laptop.local","msg":"Default plugin registered successfully"}
{"level":20,"time":1756805578628,"pid":42438,"hostname":"Sathits-Laptop.local","msg":"Registered schema: auth-auth-user"}
{"level":20,"time":1756805578629,"pid":42438,"hostname":"Sathits-Laptop.local","msg":"Registered schema: auth-register-request"}
{"level":20,"time":1756805578629,"pid":42438,"hostname":"Sathits-Laptop.local","msg":"Registered schema: auth-login-request"}
{"level":20,"time":1756805578629,"pid":42438,"hostname":"Sathits-Laptop.local","msg":"Registered schema: auth-refresh-request"}
{"level":20,"time":1756805578629,"pid":42438,"hostname":"Sathits-Laptop.local","msg":"Registered schema: auth-auth-response"}
{"level":20,"time":1756805578629,"pid":42438,"hostname":"Sathits-Laptop.local","msg":"Registered schema: auth-register-response"}
{"level":20,"time":1756805578629,"pid":42438,"hostname":"Sathits-Laptop.local","msg":"Registered schema: auth-refresh-response"}
{"level":20,"time":1756805578629,"pid":42438,"hostname":"Sathits-Laptop.local","msg":"Registered schema: auth-profile-response"}
{"level":20,"time":1756805578629,"pid":42438,"hostname":"Sathits-Laptop.local","msg":"Registered schema: auth-logout-response"}
{"level":20,"time":1756805578629,"pid":42438,"hostname":"Sathits-Laptop.local","msg":"Registered schema: auth-authUser"}
{"level":20,"time":1756805578629,"pid":42438,"hostname":"Sathits-Laptop.local","msg":"Registered schema: auth-registerRequest"}
{"level":20,"time":1756805578629,"pid":42438,"hostname":"Sathits-Laptop.local","msg":"Registered schema: auth-loginRequest"}
{"level":20,"time":1756805578629,"pid":42438,"hostname":"Sathits-Laptop.local","msg":"Registered schema: auth-refreshRequest"}
{"level":20,"time":1756805578629,"pid":42438,"hostname":"Sathits-Laptop.local","msg":"Registered schema: auth-authResponse"}
{"level":20,"time":1756805578629,"pid":42438,"hostname":"Sathits-Laptop.local","msg":"Registered schema: auth-registerResponse"}
{"level":20,"time":1756805578629,"pid":42438,"hostname":"Sathits-Laptop.local","msg":"Registered schema: auth-refreshResponse"}
{"level":20,"time":1756805578629,"pid":42438,"hostname":"Sathits-Laptop.local","msg":"Registered schema: auth-profileResponse"}
{"level":20,"time":1756805578629,"pid":42438,"hostname":"Sathits-Laptop.local","msg":"Registered schema: auth-logoutResponse"}
{"level":20,"time":1756805578630,"pid":42438,"hostname":"Sathits-Laptop.local","msg":"Registered schema: navigation-navigation-badge"}
{"level":20,"time":1756805578630,"pid":42438,"hostname":"Sathits-Laptop.local","msg":"Registered schema: navigation-navigation-item"}
{"level":20,"time":1756805578630,"pid":42438,"hostname":"Sathits-Laptop.local","msg":"Registered schema: navigation-navigation-data"}
{"level":20,"time":1756805578630,"pid":42438,"hostname":"Sathits-Laptop.local","msg":"Registered schema: navigation-navigation-response"}
{"level":20,"time":1756805578630,"pid":42438,"hostname":"Sathits-Laptop.local","msg":"Registered schema: navigation-get-navigation-query"}
{"level":20,"time":1756805578630,"pid":42438,"hostname":"Sathits-Laptop.local","msg":"Registered schema: navigation-get-user-navigation-query"}
{"level":30,"time":1756805578631,"pid":42438,"hostname":"Sathits-Laptop.local","msg":"Navigation routes registered successfully"}
{"level":30,"time":1756805578631,"pid":42438,"hostname":"Sathits-Laptop.local","msg":"Navigation plugin registered successfully"}
{"level":20,"time":1756805578631,"pid":42438,"hostname":"Sathits-Laptop.local","msg":"Registered schema: user-profile-user-profile"}
{"level":20,"time":1756805578631,"pid":42438,"hostname":"Sathits-Laptop.local","msg":"Registered schema: user-profile-user-role"}
{"level":20,"time":1756805578631,"pid":42438,"hostname":"Sathits-Laptop.local","msg":"Registered schema: user-profile-user-preferences"}
{"level":20,"time":1756805578631,"pid":42438,"hostname":"Sathits-Laptop.local","msg":"Registered schema: user-profile-notification-preferences"}
{"level":20,"time":1756805578631,"pid":42438,"hostname":"Sathits-Laptop.local","msg":"Registered schema: user-profile-navigation-preferences"}
{"level":20,"time":1756805578631,"pid":42438,"hostname":"Sathits-Laptop.local","msg":"Registered schema: user-profile-user-profile-update-request"}
{"level":20,"time":1756805578631,"pid":42438,"hostname":"Sathits-Laptop.local","msg":"Registered schema: user-profile-user-preferences-update-request"}
{"level":20,"time":1756805578631,"pid":42438,"hostname":"Sathits-Laptop.local","msg":"Registered schema: user-profile-user-profile-response"}
{"level":20,"time":1756805578631,"pid":42438,"hostname":"Sathits-Laptop.local","msg":"Registered schema: user-profile-avatar-upload-response"}
{"level":20,"time":1756805578632,"pid":42438,"hostname":"Sathits-Laptop.local","msg":"Registered schema: user-profile-avatar-delete-response"}
{"level":20,"time":1756805578632,"pid":42438,"hostname":"Sathits-Laptop.local","msg":"Registered schema: user-profile-avatar-upload-data"}
{"level":20,"time":1756805578632,"pid":42438,"hostname":"Sathits-Laptop.local","msg":"Registered schema: user-profile-avatar-delete-data"}
{"level":20,"time":1756805578632,"pid":42438,"hostname":"Sathits-Laptop.local","msg":"Registered schema: user-profile-userProfileResponse"}
{"level":20,"time":1756805578632,"pid":42438,"hostname":"Sathits-Laptop.local","msg":"Registered schema: user-profile-userProfileUpdateRequest"}
{"level":20,"time":1756805578632,"pid":42438,"hostname":"Sathits-Laptop.local","msg":"Registered schema: user-profile-userPreferencesUpdateRequest"}
{"level":20,"time":1756805578632,"pid":42438,"hostname":"Sathits-Laptop.local","msg":"Registered schema: user-profile-avatarUploadResponse"}
{"level":20,"time":1756805578632,"pid":42438,"hostname":"Sathits-Laptop.local","msg":"Registered schema: user-profile-avatarDeleteResponse"}
{"level":30,"time":1756805578642,"pid":42438,"hostname":"Sathits-Laptop.local","msg":"User Profile plugin registered successfully"}
{"level":20,"time":1756805578642,"pid":42438,"hostname":"Sathits-Laptop.local","msg":"Registered schema: settings-settings-setting"}
{"level":20,"time":1756805578642,"pid":42438,"hostname":"Sathits-Laptop.local","msg":"Registered schema: settings-settings-create-setting"}
{"level":20,"time":1756805578642,"pid":42438,"hostname":"Sathits-Laptop.local","msg":"Registered schema: settings-settings-update-setting"}
{"level":20,"time":1756805578642,"pid":42438,"hostname":"Sathits-Laptop.local","msg":"Registered schema: settings-settings-update-setting-value"}
{"level":20,"time":1756805578642,"pid":42438,"hostname":"Sathits-Laptop.local","msg":"Registered schema: settings-settings-user-setting"}
{"level":20,"time":1756805578642,"pid":42438,"hostname":"Sathits-Laptop.local","msg":"Registered schema: settings-settings-update-user-setting"}
{"level":20,"time":1756805578642,"pid":42438,"hostname":"Sathits-Laptop.local","msg":"Registered schema: settings-settings-setting-history"}
{"level":20,"time":1756805578642,"pid":42438,"hostname":"Sathits-Laptop.local","msg":"Registered schema: settings-settings-get-settings-query"}
{"level":20,"time":1756805578642,"pid":42438,"hostname":"Sathits-Laptop.local","msg":"Registered schema: settings-settings-get-setting-history-query"}
{"level":20,"time":1756805578642,"pid":42438,"hostname":"Sathits-Laptop.local","msg":"Registered schema: settings-settings-grouped-settings"}
{"level":20,"time":1756805578642,"pid":42438,"hostname":"Sathits-Laptop.local","msg":"Registered schema: settings-settings-bulk-update-settings"}
{"level":20,"time":1756805578642,"pid":42438,"hostname":"Sathits-Laptop.local","msg":"Registered schema: settings-settings-setting-response"}
{"level":20,"time":1756805578642,"pid":42438,"hostname":"Sathits-Laptop.local","msg":"Registered schema: settings-settings-settings-list-response"}
{"level":20,"time":1756805578643,"pid":42438,"hostname":"Sathits-Laptop.local","msg":"Registered schema: settings-settings-grouped-settings-response"}
{"level":20,"time":1756805578643,"pid":42438,"hostname":"Sathits-Laptop.local","msg":"Registered schema: settings-settings-setting-history-response"}
{"level":20,"time":1756805578643,"pid":42438,"hostname":"Sathits-Laptop.local","msg":"Registered schema: settings-settings-bulk-update-response"}
{"level":30,"time":1756805578645,"pid":42438,"hostname":"Sathits-Laptop.local","msg":"Settings plugin registered successfully"}
{"level":20,"time":1756805578995,"pid":42438,"hostname":"Sathits-Laptop.local","msg":"Navigation cache hit: navigation:default:false"}
🚀 API is running on http://localhost:3333
📚 Environment: development
{"level":30,"time":1756805578995,"pid":42438,"hostname":"Sathits-Laptop.local","msg":"Navigation module initialized successfully"}
{"level":20,"time":1756805578995,"pid":42438,"hostname":"Sathits-Laptop.local","msg":"Navigation health check passed. Found 1 navigation types"}
{"level":30,"time":1756805578997,"pid":42438,"hostname":"Sathits-Laptop.local","msg":"Server listening at http://127.0.0.1:3333"}
{"level":30,"time":1756805578997,"pid":42438,"hostname":"Sathits-Laptop.local","msg":"Server listening at http://10.3.42.206:3333"}
{"level":30,"time":1756805578997,"pid":42438,"hostname":"Sathits-Laptop.local","msg":"Server listening at http://198.19.2.2:3333"}
{"level":30,"time":1756805578997,"pid":42438,"hostname":"Sathits-Laptop.local","msg":"Server listening at http://192.168.139.3:3333"}
{"level":30,"time":1756805578997,"pid":42438,"hostname":"Sathits-Laptop.local","msg":"Server listening at http://192.168.194.0:3333"}
{"level":30,"time":1756805578997,"pid":42438,"hostname":"Sathits-Laptop.local","msg":"Server listening at http://192.168.215.0:3333"}
{"level":30,"time":1756805578997,"pid":42438,"hostname":"Sathits-Laptop.local","msg":"Server listening at http://192.168.155.0:3333"}
{"level":30,"time":1756805578997,"pid":42438,"hostname":"Sathits-Laptop.local","msg":"Server listening at http://192.168.163.0:3333"}
[ [32mwatch[39m ] build succeeded, watching for changes...
[1m[31mDebugger listening on ws://localhost:9229/4d9d1e5d-4968-4ed7-b4f6-51f38b7acb1a[39m[22m
[1m[31mDebugger listening on ws://localhost:9229/4d9d1e5d-4968-4ed7-b4f6-51f38b7acb1a[39m[22m
[1m[31mFor help, see: https://nodejs.org/en/docs/inspector[39m[22m
[1m[31m[39m[22m
[dotenv@17.2.1] injecting env (0) from .env -- tip: ⚙️  write to custom object with { processEnv: myObject }
{"level":30,"time":1756805591045,"pid":42568,"hostname":"Sathits-Laptop.local","msg":"Database connected successfully"}
{"level":30,"time":1756805591059,"pid":42568,"hostname":"Sathits-Laptop.local","msg":"JWT Auth plugin registered successfully"}
{"level":20,"time":1756805591060,"pid":42568,"hostname":"Sathits-Laptop.local","msg":"Registered schema: api-meta"}
{"level":20,"time":1756805591060,"pid":42568,"hostname":"Sathits-Laptop.local","msg":"Registered schema: pagination-meta"}
{"level":20,"time":1756805591060,"pid":42568,"hostname":"Sathits-Laptop.local","msg":"Registered schema: api-error-response"}
{"level":20,"time":1756805591060,"pid":42568,"hostname":"Sathits-Laptop.local","msg":"Registered schema: validation-error-response"}
{"level":20,"time":1756805591060,"pid":42568,"hostname":"Sathits-Laptop.local","msg":"Registered schema: unauthorized-response"}
{"level":20,"time":1756805591060,"pid":42568,"hostname":"Sathits-Laptop.local","msg":"Registered schema: forbidden-response"}
{"level":20,"time":1756805591060,"pid":42568,"hostname":"Sathits-Laptop.local","msg":"Registered schema: not-found-response"}
{"level":20,"time":1756805591060,"pid":42568,"hostname":"Sathits-Laptop.local","msg":"Registered schema: conflict-response"}
{"level":20,"time":1756805591060,"pid":42568,"hostname":"Sathits-Laptop.local","msg":"Registered schema: server-error-response"}
{"level":20,"time":1756805591060,"pid":42568,"hostname":"Sathits-Laptop.local","msg":"Registered schema: pagination-query"}
{"level":20,"time":1756805591060,"pid":42568,"hostname":"Sathits-Laptop.local","msg":"Registered schema: search-query"}
{"level":20,"time":1756805591061,"pid":42568,"hostname":"Sathits-Laptop.local","msg":"Registered schema: uuid-param"}
{"level":20,"time":1756805591061,"pid":42568,"hostname":"Sathits-Laptop.local","msg":"Registered schema: numeric-id-param"}
{"level":20,"time":1756805591061,"pid":42568,"hostname":"Sathits-Laptop.local","msg":"Registered schema: validationErrorResponse"}
{"level":20,"time":1756805591061,"pid":42568,"hostname":"Sathits-Laptop.local","msg":"Registered schema: unauthorizedResponse"}
{"level":20,"time":1756805591061,"pid":42568,"hostname":"Sathits-Laptop.local","msg":"Registered schema: forbiddenResponse"}
{"level":20,"time":1756805591061,"pid":42568,"hostname":"Sathits-Laptop.local","msg":"Registered schema: notFoundResponse"}
{"level":20,"time":1756805591061,"pid":42568,"hostname":"Sathits-Laptop.local","msg":"Registered schema: conflictResponse"}
{"level":20,"time":1756805591061,"pid":42568,"hostname":"Sathits-Laptop.local","msg":"Registered schema: serverErrorResponse"}
{"level":30,"time":1756805591061,"pid":42568,"hostname":"Sathits-Laptop.local","msg":"Schema registry initialized with base schemas"}
{"level":30,"time":1756805591061,"pid":42568,"hostname":"Sathits-Laptop.local","msg":"Schema enforcement plugin activated - all routes must have complete schemas"}
{"level":30,"time":1756805591119,"pid":42568,"hostname":"Sathits-Laptop.local","msg":"Swagger OpenAPI documentation configured"}
{"level":30,"time":1756805591119,"pid":42568,"hostname":"Sathits-Laptop.local","msg":"Swagger UI available at: /api-docs"}
{"level":30,"time":1756805591119,"pid":42568,"hostname":"Sathits-Laptop.local","msg":"OpenAPI JSON available at: /api/documentation/json"}
{"level":30,"time":1756805591120,"pid":42568,"hostname":"Sathits-Laptop.local","msg":"Static files plugin registered successfully"}
{"level":20,"time":1756805591120,"pid":42568,"hostname":"Sathits-Laptop.local","msg":"Registered schema: default-api-info"}
{"level":20,"time":1756805591120,"pid":42568,"hostname":"Sathits-Laptop.local","msg":"Registered schema: default-system-status"}
{"level":20,"time":1756805591120,"pid":42568,"hostname":"Sathits-Laptop.local","msg":"Registered schema: default-health-check"}
{"level":20,"time":1756805591120,"pid":42568,"hostname":"Sathits-Laptop.local","msg":"Registered schema: default-ping-response"}
{"level":20,"time":1756805591120,"pid":42568,"hostname":"Sathits-Laptop.local","msg":"Registered schema: default-api-info-response"}
{"level":20,"time":1756805591120,"pid":42568,"hostname":"Sathits-Laptop.local","msg":"Registered schema: default-system-status-response"}
{"level":20,"time":1756805591120,"pid":42568,"hostname":"Sathits-Laptop.local","msg":"Registered schema: default-health-check-response"}
{"level":20,"time":1756805591120,"pid":42568,"hostname":"Sathits-Laptop.local","msg":"Registered schema: default-ping-response-data"}
{"level":20,"time":1756805591120,"pid":42568,"hostname":"Sathits-Laptop.local","msg":"Registered schema: default-apiInfoResponse"}
{"level":20,"time":1756805591120,"pid":42568,"hostname":"Sathits-Laptop.local","msg":"Registered schema: default-apiStatusResponse"}
{"level":20,"time":1756805591120,"pid":42568,"hostname":"Sathits-Laptop.local","msg":"Registered schema: default-healthResponse"}
{"level":20,"time":1756805591120,"pid":42568,"hostname":"Sathits-Laptop.local","msg":"Registered schema: default-pingResponse"}
{"level":30,"time":1756805591121,"pid":42568,"hostname":"Sathits-Laptop.local","msg":"Default plugin registered successfully"}
{"level":20,"time":1756805591121,"pid":42568,"hostname":"Sathits-Laptop.local","msg":"Registered schema: auth-auth-user"}
{"level":20,"time":1756805591121,"pid":42568,"hostname":"Sathits-Laptop.local","msg":"Registered schema: auth-register-request"}
{"level":20,"time":1756805591121,"pid":42568,"hostname":"Sathits-Laptop.local","msg":"Registered schema: auth-login-request"}
{"level":20,"time":1756805591121,"pid":42568,"hostname":"Sathits-Laptop.local","msg":"Registered schema: auth-refresh-request"}
{"level":20,"time":1756805591121,"pid":42568,"hostname":"Sathits-Laptop.local","msg":"Registered schema: auth-auth-response"}
{"level":20,"time":1756805591121,"pid":42568,"hostname":"Sathits-Laptop.local","msg":"Registered schema: auth-register-response"}
{"level":20,"time":1756805591121,"pid":42568,"hostname":"Sathits-Laptop.local","msg":"Registered schema: auth-refresh-response"}
{"level":20,"time":1756805591121,"pid":42568,"hostname":"Sathits-Laptop.local","msg":"Registered schema: auth-profile-response"}
{"level":20,"time":1756805591122,"pid":42568,"hostname":"Sathits-Laptop.local","msg":"Registered schema: auth-logout-response"}
{"level":20,"time":1756805591122,"pid":42568,"hostname":"Sathits-Laptop.local","msg":"Registered schema: auth-authUser"}
{"level":20,"time":1756805591122,"pid":42568,"hostname":"Sathits-Laptop.local","msg":"Registered schema: auth-registerRequest"}
{"level":20,"time":1756805591122,"pid":42568,"hostname":"Sathits-Laptop.local","msg":"Registered schema: auth-loginRequest"}
{"level":20,"time":1756805591122,"pid":42568,"hostname":"Sathits-Laptop.local","msg":"Registered schema: auth-refreshRequest"}
{"level":20,"time":1756805591122,"pid":42568,"hostname":"Sathits-Laptop.local","msg":"Registered schema: auth-authResponse"}
{"level":20,"time":1756805591122,"pid":42568,"hostname":"Sathits-Laptop.local","msg":"Registered schema: auth-registerResponse"}
{"level":20,"time":1756805591122,"pid":42568,"hostname":"Sathits-Laptop.local","msg":"Registered schema: auth-refreshResponse"}
{"level":20,"time":1756805591122,"pid":42568,"hostname":"Sathits-Laptop.local","msg":"Registered schema: auth-profileResponse"}
{"level":20,"time":1756805591122,"pid":42568,"hostname":"Sathits-Laptop.local","msg":"Registered schema: auth-logoutResponse"}
{"level":20,"time":1756805591122,"pid":42568,"hostname":"Sathits-Laptop.local","msg":"Registered schema: navigation-navigation-badge"}
{"level":20,"time":1756805591122,"pid":42568,"hostname":"Sathits-Laptop.local","msg":"Registered schema: navigation-navigation-item"}
{"level":20,"time":1756805591122,"pid":42568,"hostname":"Sathits-Laptop.local","msg":"Registered schema: navigation-navigation-data"}
{"level":20,"time":1756805591123,"pid":42568,"hostname":"Sathits-Laptop.local","msg":"Registered schema: navigation-navigation-response"}
{"level":20,"time":1756805591123,"pid":42568,"hostname":"Sathits-Laptop.local","msg":"Registered schema: navigation-get-navigation-query"}
{"level":20,"time":1756805591123,"pid":42568,"hostname":"Sathits-Laptop.local","msg":"Registered schema: navigation-get-user-navigation-query"}
{"level":30,"time":1756805591123,"pid":42568,"hostname":"Sathits-Laptop.local","msg":"Navigation routes registered successfully"}
{"level":30,"time":1756805591123,"pid":42568,"hostname":"Sathits-Laptop.local","msg":"Navigation plugin registered successfully"}
{"level":20,"time":1756805591124,"pid":42568,"hostname":"Sathits-Laptop.local","msg":"Registered schema: user-profile-user-profile"}
{"level":20,"time":1756805591124,"pid":42568,"hostname":"Sathits-Laptop.local","msg":"Registered schema: user-profile-user-role"}
{"level":20,"time":1756805591124,"pid":42568,"hostname":"Sathits-Laptop.local","msg":"Registered schema: user-profile-user-preferences"}
{"level":20,"time":1756805591124,"pid":42568,"hostname":"Sathits-Laptop.local","msg":"Registered schema: user-profile-notification-preferences"}
{"level":20,"time":1756805591124,"pid":42568,"hostname":"Sathits-Laptop.local","msg":"Registered schema: user-profile-navigation-preferences"}
{"level":20,"time":1756805591124,"pid":42568,"hostname":"Sathits-Laptop.local","msg":"Registered schema: user-profile-user-profile-update-request"}
{"level":20,"time":1756805591124,"pid":42568,"hostname":"Sathits-Laptop.local","msg":"Registered schema: user-profile-user-preferences-update-request"}
{"level":20,"time":1756805591124,"pid":42568,"hostname":"Sathits-Laptop.local","msg":"Registered schema: user-profile-user-profile-response"}
{"level":20,"time":1756805591124,"pid":42568,"hostname":"Sathits-Laptop.local","msg":"Registered schema: user-profile-avatar-upload-response"}
{"level":20,"time":1756805591124,"pid":42568,"hostname":"Sathits-Laptop.local","msg":"Registered schema: user-profile-avatar-delete-response"}
{"level":20,"time":1756805591124,"pid":42568,"hostname":"Sathits-Laptop.local","msg":"Registered schema: user-profile-avatar-upload-data"}
{"level":20,"time":1756805591124,"pid":42568,"hostname":"Sathits-Laptop.local","msg":"Registered schema: user-profile-avatar-delete-data"}
{"level":20,"time":1756805591124,"pid":42568,"hostname":"Sathits-Laptop.local","msg":"Registered schema: user-profile-userProfileResponse"}
{"level":20,"time":1756805591124,"pid":42568,"hostname":"Sathits-Laptop.local","msg":"Registered schema: user-profile-userProfileUpdateRequest"}
{"level":20,"time":1756805591124,"pid":42568,"hostname":"Sathits-Laptop.local","msg":"Registered schema: user-profile-userPreferencesUpdateRequest"}
{"level":20,"time":1756805591124,"pid":42568,"hostname":"Sathits-Laptop.local","msg":"Registered schema: user-profile-avatarUploadResponse"}
{"level":20,"time":1756805591124,"pid":42568,"hostname":"Sathits-Laptop.local","msg":"Registered schema: user-profile-avatarDeleteResponse"}
{"level":30,"time":1756805591133,"pid":42568,"hostname":"Sathits-Laptop.local","msg":"User Profile plugin registered successfully"}
{"level":20,"time":1756805591134,"pid":42568,"hostname":"Sathits-Laptop.local","msg":"Registered schema: settings-settings-setting"}
{"level":20,"time":1756805591134,"pid":42568,"hostname":"Sathits-Laptop.local","msg":"Registered schema: settings-settings-create-setting"}
{"level":20,"time":1756805591134,"pid":42568,"hostname":"Sathits-Laptop.local","msg":"Registered schema: settings-settings-update-setting"}
{"level":20,"time":1756805591134,"pid":42568,"hostname":"Sathits-Laptop.local","msg":"Registered schema: settings-settings-update-setting-value"}
{"level":20,"time":1756805591134,"pid":42568,"hostname":"Sathits-Laptop.local","msg":"Registered schema: settings-settings-user-setting"}
{"level":20,"time":1756805591134,"pid":42568,"hostname":"Sathits-Laptop.local","msg":"Registered schema: settings-settings-update-user-setting"}
{"level":20,"time":1756805591134,"pid":42568,"hostname":"Sathits-Laptop.local","msg":"Registered schema: settings-settings-setting-history"}
{"level":20,"time":1756805591134,"pid":42568,"hostname":"Sathits-Laptop.local","msg":"Registered schema: settings-settings-get-settings-query"}
{"level":20,"time":1756805591134,"pid":42568,"hostname":"Sathits-Laptop.local","msg":"Registered schema: settings-settings-get-setting-history-query"}
{"level":20,"time":1756805591134,"pid":42568,"hostname":"Sathits-Laptop.local","msg":"Registered schema: settings-settings-grouped-settings"}
{"level":20,"time":1756805591134,"pid":42568,"hostname":"Sathits-Laptop.local","msg":"Registered schema: settings-settings-bulk-update-settings"}
{"level":20,"time":1756805591134,"pid":42568,"hostname":"Sathits-Laptop.local","msg":"Registered schema: settings-settings-setting-response"}
{"level":20,"time":1756805591134,"pid":42568,"hostname":"Sathits-Laptop.local","msg":"Registered schema: settings-settings-settings-list-response"}
{"level":20,"time":1756805591134,"pid":42568,"hostname":"Sathits-Laptop.local","msg":"Registered schema: settings-settings-grouped-settings-response"}
{"level":20,"time":1756805591134,"pid":42568,"hostname":"Sathits-Laptop.local","msg":"Registered schema: settings-settings-setting-history-response"}
{"level":20,"time":1756805591134,"pid":42568,"hostname":"Sathits-Laptop.local","msg":"Registered schema: settings-settings-bulk-update-response"}
{"level":30,"time":1756805591136,"pid":42568,"hostname":"Sathits-Laptop.local","msg":"Settings plugin registered successfully"}
{"level":20,"time":1756805591479,"pid":42568,"hostname":"Sathits-Laptop.local","msg":"Navigation cache hit: navigation:default:false"}
🚀 API is running on http://localhost:3333
📚 Environment: development
{"level":30,"time":1756805591479,"pid":42568,"hostname":"Sathits-Laptop.local","msg":"Navigation module initialized successfully"}
{"level":20,"time":1756805591479,"pid":42568,"hostname":"Sathits-Laptop.local","msg":"Navigation health check passed. Found 1 navigation types"}
{"level":30,"time":1756805591481,"pid":42568,"hostname":"Sathits-Laptop.local","msg":"Server listening at http://127.0.0.1:3333"}
{"level":30,"time":1756805591481,"pid":42568,"hostname":"Sathits-Laptop.local","msg":"Server listening at http://10.3.42.206:3333"}
{"level":30,"time":1756805591481,"pid":42568,"hostname":"Sathits-Laptop.local","msg":"Server listening at http://198.19.2.2:3333"}
{"level":30,"time":1756805591481,"pid":42568,"hostname":"Sathits-Laptop.local","msg":"Server listening at http://192.168.139.3:3333"}
{"level":30,"time":1756805591481,"pid":42568,"hostname":"Sathits-Laptop.local","msg":"Server listening at http://192.168.194.0:3333"}
{"level":30,"time":1756805591481,"pid":42568,"hostname":"Sathits-Laptop.local","msg":"Server listening at http://192.168.215.0:3333"}
{"level":30,"time":1756805591481,"pid":42568,"hostname":"Sathits-Laptop.local","msg":"Server listening at http://192.168.155.0:3333"}
{"level":30,"time":1756805591481,"pid":42568,"hostname":"Sathits-Laptop.local","msg":"Server listening at http://192.168.163.0:3333"}
{"level":30,"time":1756805595821,"pid":42568,"hostname":"Sathits-Laptop.local","reqId":"req-1","req":{"method":"GET","url":"/api/status","host":"localhost:3333","remoteAddress":"127.0.0.1","remotePort":64057},"msg":"incoming request"}
{"level":30,"time":1756805595840,"pid":42568,"hostname":"Sathits-Laptop.local","reqId":"req-1","res":{"statusCode":200},"responseTime":17.75737500190735,"msg":"request completed"}
